<?xml version="1.0" encoding="UTF-8"?>
<testng-results skipped="0" failed="0" ignored="0" total="1" passed="1">
  <reporter-output>
  </reporter-output>
  <suite name="Suite" duration-ms="7697" started-at="2022-12-24T20:26:56 IST" finished-at="2022-12-24T20:27:04 IST">
    <groups>
    </groups>
    <test name="Test" duration-ms="7697" started-at="2022-12-24T20:26:56 IST" finished-at="2022-12-24T20:27:04 IST">
      <class name="tests.BrowserTest">
        <test-method status="PASS" signature="launchTest()[pri:0, instance:tests.BrowserTest@4493d195]" name="launchTest" duration-ms="7652" started-at="2022-12-24T20:26:56 IST" finished-at="2022-12-24T20:27:03 IST">
          <reporter-output>
          </reporter-output>
        </test-method> <!-- launchTest -->
      </class> <!-- tests.BrowserTest -->
    </test> <!-- Test -->
  </suite> <!-- Suite -->
</testng-results>
